<?xml version="1.0" encoding="UTF-8"?>
<!-- Generated by org.testng.reporters.JUnitReportReporter -->
<testsuite hostname="BiLap103-PC" failures="0" tests="1" name="tests.SearchTest" time="17.979" errors="0" timestamp="2021-08-09T01:36:18 EET" skipped="0">
  <testcase classname="tests.SearchTest" name="checkResultDisplayed" time="17.979"/>
  <system-out/>
</testsuite> <!-- tests.SearchTest -->
